[INFO] 2025-10-01 23:21:56,583 django.utils.autoreload (autoreload.py:667) - Watching for file changes with StatReloader
[WARNING] 2025-10-01 23:22:34,952 django.request (log.py:253) - Bad Request: /api/horarios/
[INFO] 2025-10-07 01:58:17,730 django.utils.autoreload (autoreload.py:667) - Watching for file changes with StatReloader
[INFO] 2025-10-07 01:59:11,340 django.utils.autoreload (autoreload.py:667) - Watching for file changes with StatReloader
[WARNING] 2025-10-07 01:59:50,460 django.request (log.py:253) - Not Found: /api/prestadores/9/endereco
[INFO] 2025-10-07 02:00:56,018 django.utils.autoreload (autoreload.py:265) - /home/dev/Área de trabalho/drf-api/agenda/urls.py changed, reloading.
[INFO] 2025-10-07 02:00:56,261 django.utils.autoreload (autoreload.py:667) - Watching for file changes with StatReloader
[WARNING] 2025-10-07 02:00:59,225 django.request (log.py:253) - Not Found: /api/prestadores/9/endereco
[WARNING] 2025-10-07 02:01:07,371 django.request (log.py:253) - Method Not Allowed: /api/prestadores/9/enderecos/
[INFO] 2025-10-07 02:02:06,797 django.utils.autoreload (autoreload.py:265) - /home/dev/Área de trabalho/drf-api/agenda/views/views.py changed, reloading.
[INFO] 2025-10-07 02:02:07,027 django.utils.autoreload (autoreload.py:667) - Watching for file changes with StatReloader
[INFO] 2025-10-07 02:02:23,273 django.utils.autoreload (autoreload.py:265) - /home/dev/Área de trabalho/drf-api/agenda/views/views.py changed, reloading.
[INFO] 2025-10-07 02:02:23,501 django.utils.autoreload (autoreload.py:667) - Watching for file changes with StatReloader
[WARNING] 2025-10-07 02:02:27,599 django.request (log.py:253) - Not Found: /api/prestadores/9/enderecos/
[WARNING] 2025-10-07 02:02:39,271 django.request (log.py:253) - Not Found: /api/prestadores/9/enderecos/
[INFO] 2025-10-07 02:03:15,946 django.utils.autoreload (autoreload.py:265) - /home/dev/Área de trabalho/drf-api/agenda/views/views.py changed, reloading.
[INFO] 2025-10-07 02:03:16,183 django.utils.autoreload (autoreload.py:667) - Watching for file changes with StatReloader
[INFO] 2025-10-07 02:03:56,489 django.utils.autoreload (autoreload.py:265) - /home/dev/Área de trabalho/drf-api/agenda/urls.py changed, reloading.
[INFO] 2025-10-07 02:03:56,718 django.utils.autoreload (autoreload.py:667) - Watching for file changes with StatReloader
[INFO] 2025-10-07 02:04:02,862 django.utils.autoreload (autoreload.py:265) - /home/dev/Área de trabalho/drf-api/agenda/views/views.py changed, reloading.
[INFO] 2025-10-07 02:04:03,092 django.utils.autoreload (autoreload.py:667) - Watching for file changes with StatReloader
[INFO] 2025-10-07 02:04:28,352 django.utils.autoreload (autoreload.py:265) - /home/dev/Área de trabalho/drf-api/agenda/views/views.py changed, reloading.
[INFO] 2025-10-07 02:04:28,573 django.utils.autoreload (autoreload.py:667) - Watching for file changes with StatReloader
[INFO] 2025-10-07 02:04:36,720 django.utils.autoreload (autoreload.py:265) - /home/dev/Área de trabalho/drf-api/agenda/urls.py changed, reloading.
[INFO] 2025-10-07 02:04:36,942 django.utils.autoreload (autoreload.py:667) - Watching for file changes with StatReloader
[WARNING] 2025-10-07 02:04:42,274 django.request (log.py:253) - Method Not Allowed: /api/prestadores/9/enderecos/
[ERROR] 2025-10-07 02:04:50,033 django.request (log.py:253) - Internal Server Error: /api/prestadores/9/enderecos
Traceback (most recent call last):
  File "/home/dev/Área de trabalho/drf-api/venv/lib/python3.12/site-packages/django/core/handlers/exception.py", line 55, in inner
    response = get_response(request)
               ^^^^^^^^^^^^^^^^^^^^^
  File "/home/dev/Área de trabalho/drf-api/venv/lib/python3.12/site-packages/django/utils/deprecation.py", line 122, in __call__
    response = self.process_response(request, response)
               ^^^^^^^^^^^^^^^^^^^^^^^^^^^^^^^^^^^^^^^^
  File "/home/dev/Área de trabalho/drf-api/venv/lib/python3.12/site-packages/django/middleware/common.py", line 108, in process_response
    return self.response_redirect_class(self.get_full_path_with_slash(request))
                                        ^^^^^^^^^^^^^^^^^^^^^^^^^^^^^^^^^^^^^^
  File "/home/dev/Área de trabalho/drf-api/venv/lib/python3.12/site-packages/django/middleware/common.py", line 87, in get_full_path_with_slash
    raise RuntimeError(
RuntimeError: You called this URL via POST, but the URL doesn't end in a slash and you have APPEND_SLASH set. Django can't redirect to the slash URL while maintaining POST data. Change your form to point to localhost:8000/api/prestadores/9/enderecos/ (note the trailing slash), or set APPEND_SLASH=False in your Django settings.
[WARNING] 2025-10-07 02:05:17,150 django.request (log.py:253) - Not Found: /api/prestadores/9/enderecos/
[WARNING] 2025-10-07 02:06:20,288 django.request (log.py:253) - Bad Request: /api/prestadores/1/enderecos/
[WARNING] 2025-10-07 02:06:50,062 django.request (log.py:253) - Bad Request: /api/prestadores/1/enderecos/
[INFO] 2025-10-07 02:11:54,010 django.utils.autoreload (autoreload.py:265) - /home/dev/Área de trabalho/drf-api/agenda/serializers/serializers.py changed, reloading.
[INFO] 2025-10-07 02:11:54,252 django.utils.autoreload (autoreload.py:667) - Watching for file changes with StatReloader
[INFO] 2025-10-07 02:12:36,601 django.utils.autoreload (autoreload.py:265) - /home/dev/Área de trabalho/drf-api/agenda/views/views.py changed, reloading.
[INFO] 2025-10-07 02:12:36,827 django.utils.autoreload (autoreload.py:667) - Watching for file changes with StatReloader
[WARNING] 2025-10-07 02:12:43,812 django.request (log.py:253) - Bad Request: /api/prestadores/1/enderecos/
[WARNING] 2025-10-07 02:14:25,675 django.request (log.py:253) - Bad Request: /api/prestadores/1/enderecos/
[WARNING] 2025-10-07 02:14:32,201 django.request (log.py:253) - Bad Request: /api/prestadores/1/enderecos/
[WARNING] 2025-10-07 02:14:35,346 django.request (log.py:253) - Bad Request: /api/prestadores/1/enderecos/
[ERROR] 2025-10-07 02:14:41,756 django.request (log.py:253) - Internal Server Error: /api/prestadores/1/enderecos/
Traceback (most recent call last):
  File "/home/dev/Área de trabalho/drf-api/venv/lib/python3.12/site-packages/django/core/handlers/exception.py", line 55, in inner
    response = get_response(request)
               ^^^^^^^^^^^^^^^^^^^^^
  File "/home/dev/Área de trabalho/drf-api/venv/lib/python3.12/site-packages/django/core/handlers/base.py", line 197, in _get_response
    response = wrapped_callback(request, *callback_args, **callback_kwargs)
               ^^^^^^^^^^^^^^^^^^^^^^^^^^^^^^^^^^^^^^^^^^^^^^^^^^^^^^^^^^^^
  File "/home/dev/Área de trabalho/drf-api/venv/lib/python3.12/site-packages/django/views/decorators/csrf.py", line 65, in _view_wrapper
    return view_func(request, *args, **kwargs)
           ^^^^^^^^^^^^^^^^^^^^^^^^^^^^^^^^^^^
  File "/home/dev/Área de trabalho/drf-api/venv/lib/python3.12/site-packages/django/views/generic/base.py", line 105, in view
    return self.dispatch(request, *args, **kwargs)
           ^^^^^^^^^^^^^^^^^^^^^^^^^^^^^^^^^^^^^^^
  File "/home/dev/Área de trabalho/drf-api/venv/lib/python3.12/site-packages/rest_framework/views.py", line 515, in dispatch
    response = self.handle_exception(exc)
               ^^^^^^^^^^^^^^^^^^^^^^^^^^
  File "/home/dev/Área de trabalho/drf-api/venv/lib/python3.12/site-packages/rest_framework/views.py", line 475, in handle_exception
    self.raise_uncaught_exception(exc)
  File "/home/dev/Área de trabalho/drf-api/venv/lib/python3.12/site-packages/rest_framework/views.py", line 486, in raise_uncaught_exception
    raise exc
  File "/home/dev/Área de trabalho/drf-api/venv/lib/python3.12/site-packages/rest_framework/views.py", line 512, in dispatch
    response = handler(request, *args, **kwargs)
               ^^^^^^^^^^^^^^^^^^^^^^^^^^^^^^^^^
  File "/home/dev/Área de trabalho/drf-api/venv/lib/python3.12/site-packages/rest_framework/decorators.py", line 50, in handler
    return func(*args, **kwargs)
           ^^^^^^^^^^^^^^^^^^^^^
  File "/home/dev/Área de trabalho/drf-api/agenda/views/views.py", line 63, in prestador_endereco
    endereco = serializer.save(prestador=prestador)
               ^^^^^^^^^^^^^^^^^^^^^^^^^^^^^^^^^^^^
  File "/home/dev/Área de trabalho/drf-api/venv/lib/python3.12/site-packages/rest_framework/serializers.py", line 210, in save
    self.instance = self.create(validated_data)
                    ^^^^^^^^^^^^^^^^^^^^^^^^^^^
  File "/home/dev/Área de trabalho/drf-api/venv/lib/python3.12/site-packages/rest_framework/serializers.py", line 175, in create
    raise NotImplementedError('`create()` must be implemented.')
NotImplementedError: `create()` must be implemented.
[INFO] 2025-10-07 02:15:25,766 django.utils.autoreload (autoreload.py:265) - /home/dev/Área de trabalho/drf-api/agenda/views/views.py changed, reloading.
[INFO] 2025-10-07 02:15:26,000 django.utils.autoreload (autoreload.py:667) - Watching for file changes with StatReloader
[INFO] 2025-10-07 02:15:53,290 django.utils.autoreload (autoreload.py:265) - /home/dev/Área de trabalho/drf-api/agenda/views/views.py changed, reloading.
[INFO] 2025-10-07 02:15:53,538 django.utils.autoreload (autoreload.py:667) - Watching for file changes with StatReloader
[INFO] 2025-10-07 02:15:58,757 django.utils.autoreload (autoreload.py:265) - /home/dev/Área de trabalho/drf-api/agenda/serializers/serializers.py changed, reloading.
[INFO] 2025-10-07 02:15:58,985 django.utils.autoreload (autoreload.py:667) - Watching for file changes with StatReloader
[INFO] 2025-10-07 02:17:16,422 django.utils.autoreload (autoreload.py:265) - /home/dev/Área de trabalho/drf-api/agenda/serializers/serializers.py changed, reloading.
[INFO] 2025-10-07 02:17:16,647 django.utils.autoreload (autoreload.py:667) - Watching for file changes with StatReloader
[INFO] 2025-10-07 02:17:52,942 django.utils.autoreload (autoreload.py:265) - /home/dev/Área de trabalho/drf-api/agenda/models/models.py changed, reloading.
[INFO] 2025-10-07 02:17:53,163 django.utils.autoreload (autoreload.py:667) - Watching for file changes with StatReloader
[INFO] 2025-10-07 02:18:28,477 django.utils.autoreload (autoreload.py:265) - /home/dev/Área de trabalho/drf-api/agenda/models/models.py changed, reloading.
[INFO] 2025-10-07 02:18:28,705 django.utils.autoreload (autoreload.py:667) - Watching for file changes with StatReloader
[INFO] 2025-10-07 02:18:46,597 django.utils.autoreload (autoreload.py:667) - Watching for file changes with StatReloader
[INFO] 2025-10-07 02:21:11,401 django.utils.autoreload (autoreload.py:265) - /home/dev/Área de trabalho/drf-api/agenda/serializers/serializers.py changed, reloading.
[INFO] 2025-10-07 02:21:11,632 django.utils.autoreload (autoreload.py:667) - Watching for file changes with StatReloader
[INFO] 2025-10-07 02:21:52,018 django.utils.autoreload (autoreload.py:265) - /home/dev/Área de trabalho/drf-api/agenda/serializers/serializers.py changed, reloading.
[INFO] 2025-10-07 02:21:52,243 django.utils.autoreload (autoreload.py:667) - Watching for file changes with StatReloader
[INFO] 2025-10-07 02:22:40,665 django.utils.autoreload (autoreload.py:265) - /home/dev/Área de trabalho/drf-api/agenda/serializers/serializers.py changed, reloading.
[INFO] 2025-10-07 02:22:40,925 django.utils.autoreload (autoreload.py:667) - Watching for file changes with StatReloader
[INFO] 2025-10-07 02:23:08,189 django.utils.autoreload (autoreload.py:265) - /home/dev/Área de trabalho/drf-api/agenda/serializers/serializers.py changed, reloading.
[INFO] 2025-10-07 02:23:08,424 django.utils.autoreload (autoreload.py:667) - Watching for file changes with StatReloader
[INFO] 2025-10-07 02:24:11,822 django.utils.autoreload (autoreload.py:265) - /home/dev/Área de trabalho/drf-api/agenda/serializers/serializers.py changed, reloading.
[INFO] 2025-10-07 02:24:12,047 django.utils.autoreload (autoreload.py:667) - Watching for file changes with StatReloader
[INFO] 2025-10-07 02:25:15,479 django.utils.autoreload (autoreload.py:265) - /home/dev/Área de trabalho/drf-api/agenda/serializers/serializers.py changed, reloading.
[INFO] 2025-10-07 02:25:15,722 django.utils.autoreload (autoreload.py:667) - Watching for file changes with StatReloader
[WARNING] 2025-10-07 02:25:38,952 django.request (log.py:253) - Not Found: /api/prestadores/2/enderecos/
[WARNING] 2025-10-07 02:25:46,864 django.request (log.py:253) - Not Found: /api/prestadores/4/enderecos/
[WARNING] 2025-10-07 02:27:27,429 django.request (log.py:253) - Not Found: /api/prestadores/9/
[INFO] 2025-10-07 02:28:45,775 django.utils.autoreload (autoreload.py:667) - Watching for file changes with StatReloader
[INFO] 2025-10-07 02:29:39,213 django.utils.autoreload (autoreload.py:265) - /home/dev/Área de trabalho/drf-api/agenda/serializers/serializers.py changed, reloading.
[INFO] 2025-10-07 02:29:39,453 django.utils.autoreload (autoreload.py:667) - Watching for file changes with StatReloader
[INFO] 2025-10-07 02:29:44,667 django.utils.autoreload (autoreload.py:265) - /home/dev/Área de trabalho/drf-api/agenda/serializers/serializers.py changed, reloading.
[INFO] 2025-10-07 02:29:44,890 django.utils.autoreload (autoreload.py:667) - Watching for file changes with StatReloader
[INFO] 2025-10-07 02:30:16,254 django.utils.autoreload (autoreload.py:265) - /home/dev/Área de trabalho/drf-api/agenda/serializers/serializers.py changed, reloading.
[INFO] 2025-10-07 02:30:16,485 django.utils.autoreload (autoreload.py:667) - Watching for file changes with StatReloader
[INFO] 2025-10-07 02:30:35,829 django.utils.autoreload (autoreload.py:265) - /home/dev/Área de trabalho/drf-api/agenda/serializers/serializers.py changed, reloading.
[INFO] 2025-10-07 02:30:36,054 django.utils.autoreload (autoreload.py:667) - Watching for file changes with StatReloader
[INFO] 2025-10-07 02:30:45,316 django.utils.autoreload (autoreload.py:265) - /home/dev/Área de trabalho/drf-api/agenda/serializers/serializers.py changed, reloading.
[INFO] 2025-10-07 02:30:45,545 django.utils.autoreload (autoreload.py:667) - Watching for file changes with StatReloader
[INFO] 2025-10-07 02:31:09,887 django.utils.autoreload (autoreload.py:265) - /home/dev/Área de trabalho/drf-api/agenda/serializers/serializers.py changed, reloading.
[INFO] 2025-10-07 02:31:10,125 django.utils.autoreload (autoreload.py:667) - Watching for file changes with StatReloader
[INFO] 2025-10-07 02:31:12,324 django.utils.autoreload (autoreload.py:265) - /home/dev/Área de trabalho/drf-api/agenda/serializers/serializers.py changed, reloading.
[INFO] 2025-10-07 02:31:12,553 django.utils.autoreload (autoreload.py:667) - Watching for file changes with StatReloader
[INFO] 2025-10-07 02:31:15,756 django.utils.autoreload (autoreload.py:265) - /home/dev/Área de trabalho/drf-api/agenda/serializers/serializers.py changed, reloading.
[INFO] 2025-10-07 02:31:15,974 django.utils.autoreload (autoreload.py:667) - Watching for file changes with StatReloader
[WARNING] 2025-10-07 02:31:30,687 django.request (log.py:253) - Bad Request: /api/prestadores/1/enderecos/
